# JRE version: Java(TM) SE Runtime Environment (23.0.2+7) (build 23.0.2+7-58)
# Java VM: Java HotSpot(TM) 64-Bit Server VM (23.0.2+7-58, mixed mode, sharing, tiered, compressed oops, compressed class ptrs, g1 gc, windows-amd64)
GC Precious Log:
 CardTable entry size: 512
 Card Set container configuration: InlinePtr #cards 5 size 8 Array Of Cards #cards 10 size 36 Howl #buckets 4 coarsen threshold 1843 Howl Bitmap #cards 512 size 80 coarsen threshold 460 Card regions per heap region 1 cards per card region 2048
 CPUs: 2 total, 2 available
 Memory: 3918M
 Large Page Support: Disabled
 NUMA Support: Disabled
 Compressed Oops: Enabled (32-bit)
 Heap Region Size: 1M
 Heap Min Capacity: 64M
 Heap Initial Capacity: 64M
 Heap Max Capacity: 64M
 Pre-touch: Disabled
 Parallel Workers: 2
 Concurrent Workers: 1
 Concurrent Refinement Workers: 2
 Periodic GC: Disabled
Heap:
 garbage-first heap   total reserved 65536K, committed 65536K, used 28138K [0x00000000fc000000, 0x0000000100000000)
  region size 1024K, 19 young (19456K), 2 survivors (2048K)
 Metaspace       used 10228K, committed 10560K, reserved 1114112K
  class space    used 1386K, committed 1536K, reserved 1048576K
GC Heap History (8 events):
Event: 1.737 GC heap before
{Heap before GC invocations=0 (full 0):
 garbage-first heap   total reserved 65536K, committed 65536K, used 7168K [0x00000000fc000000, 0x0000000100000000)
  region size 1024K, 7 young (7168K), 0 survivors (0K)
 Metaspace       used 1537K, committed 1728K, reserved 1114112K
  class space    used 152K, committed 256K, reserved 1048576K
}
Event: 1.744 GC heap after
{Heap after GC invocations=1 (full 0):
 garbage-first heap   total reserved 65536K, committed 65536K, used 1320K [0x00000000fc000000, 0x0000000100000000)
  region size 1024K, 1 young (1024K), 1 survivors (1024K)
 Metaspace       used 1537K, committed 1728K, reserved 1114112K
  class space    used 152K, committed 256K, reserved 1048576K
}
Event: 1.941 GC heap before
{Heap before GC invocations=1 (full 0):
 garbage-first heap   total reserved 65536K, committed 65536K, used 6440K [0x00000000fc000000, 0x0000000100000000)
  region size 1024K, 7 young (7168K), 1 survivors (1024K)
 Metaspace       used 1568K, committed 1792K, reserved 1114112K
  class space    used 152K, committed 256K, reserved 1048576K
}
Event: 1.945 GC heap after
{Heap after GC invocations=2 (full 0):
 garbage-first heap   total reserved 65536K, committed 65536K, used 1677K [0x00000000fc000000, 0x0000000100000000)
  region size 1024K, 1 young (1024K), 1 survivors (1024K)
 Metaspace       used 1568K, committed 1792K, reserved 1114112K
  class space    used 152K, committed 256K, reserved 1048576K
}
Event: 3.116 GC heap before
{Heap before GC invocations=2 (full 0):
 garbage-first heap   total reserved 65536K, committed 65536K, used 21133K [0x00000000fc000000, 0x0000000100000000)
  region size 1024K, 18 young (18432K), 1 survivors (1024K)
 Metaspace       used 2122K, committed 2240K, reserved 1114112K
  class space    used 210K, committed 256K, reserved 1048576K
}
Event: 3.124 GC heap after
{Heap after GC invocations=3 (full 0):
 garbage-first heap   total reserved 65536K, committed 65536K, used 10555K [0x00000000fc000000, 0x0000000100000000)
  region size 1024K, 3 young (3072K), 3 survivors (3072K)
 Metaspace       used 2122K, committed 2240K, reserved 1114112K
  class space    used 210K, committed 256K, reserved 1048576K
}
Event: 5.114 GC heap before
{Heap before GC invocations=3 (full 0):
 garbage-first heap   total reserved 65536K, committed 65536K, used 24891K [0x00000000fc000000, 0x0000000100000000)
  region size 1024K, 17 young (17408K), 3 survivors (3072K)
 Metaspace       used 5998K, committed 6208K, reserved 1114112K
  class space    used 815K, committed 896K, reserved 1048576K
}
Event: 5.123 GC heap after
{Heap after GC invocations=4 (full 0):
 garbage-first heap   total reserved 65536K, committed 65536K, used 11754K [0x00000000fc000000, 0x0000000100000000)
  region size 1024K, 2 young (2048K), 2 survivors (2048K)
 Metaspace       used 5998K, committed 6208K, reserved 1114112K
  class space    used 815K, committed 896K, reserved 1048576K
}

